C:\USERS\TRACY\DESKTOP\CS32 PROJECT\SCENTIPEDE-SKELETON-WINDOWS\SCENTIPEDE\DEBUG\SCENTIPEDE.EXE
C:\USERS\TRACY\DESKTOP\CS32 PROJECT\SCENTIPEDE-SKELETON-WINDOWS\SCENTIPEDE\DEBUG\SCENTIPEDE.ILK
C:\USERS\TRACY\DESKTOP\CS32 PROJECT\SCENTIPEDE-SKELETON-WINDOWS\SCENTIPEDE\DEBUG\SCENTIPEDE.PDB
C:\USERS\TRACY\DESKTOP\CS32 PROJECT\SCENTIPEDE-SKELETON-WINDOWS\SCENTIPEDE\SCENTIPEDE\DEBUG\ACTOR.OBJ
C:\Users\Tracy\Desktop\CS32 Project\scentipede-skeleton-windows\scentipede\scentipede\Debug\cl.command.1.tlog
C:\Users\Tracy\Desktop\CS32 Project\scentipede-skeleton-windows\scentipede\scentipede\Debug\CL.read.1.tlog
C:\Users\Tracy\Desktop\CS32 Project\scentipede-skeleton-windows\scentipede\scentipede\Debug\CL.write.1.tlog
C:\USERS\TRACY\DESKTOP\CS32 PROJECT\SCENTIPEDE-SKELETON-WINDOWS\SCENTIPEDE\SCENTIPEDE\DEBUG\GAMECONTROLLER.OBJ
C:\USERS\TRACY\DESKTOP\CS32 PROJECT\SCENTIPEDE-SKELETON-WINDOWS\SCENTIPEDE\SCENTIPEDE\DEBUG\GAMEWORLD.OBJ
C:\USERS\TRACY\DESKTOP\CS32 PROJECT\SCENTIPEDE-SKELETON-WINDOWS\SCENTIPEDE\SCENTIPEDE\DEBUG\GRAPHOBJ.OBJ
C:\Users\Tracy\Desktop\CS32 Project\scentipede-skeleton-windows\scentipede\scentipede\Debug\link.2484.read.1.tlog
C:\Users\Tracy\Desktop\CS32 Project\scentipede-skeleton-windows\scentipede\scentipede\Debug\link.2484.write.1.tlog
C:\Users\Tracy\Desktop\CS32 Project\scentipede-skeleton-windows\scentipede\scentipede\Debug\link.2484-cvtres.read.1.tlog
C:\Users\Tracy\Desktop\CS32 Project\scentipede-skeleton-windows\scentipede\scentipede\Debug\link.2484-cvtres.write.1.tlog
C:\Users\Tracy\Desktop\CS32 Project\scentipede-skeleton-windows\scentipede\scentipede\Debug\link.6224.read.1.tlog
C:\Users\Tracy\Desktop\CS32 Project\scentipede-skeleton-windows\scentipede\scentipede\Debug\link.6224.write.1.tlog
C:\Users\Tracy\Desktop\CS32 Project\scentipede-skeleton-windows\scentipede\scentipede\Debug\link.6224-cvtres.read.1.tlog
C:\Users\Tracy\Desktop\CS32 Project\scentipede-skeleton-windows\scentipede\scentipede\Debug\link.6224-cvtres.write.1.tlog
C:\Users\Tracy\Desktop\CS32 Project\scentipede-skeleton-windows\scentipede\scentipede\Debug\link.7464.read.1.tlog
C:\Users\Tracy\Desktop\CS32 Project\scentipede-skeleton-windows\scentipede\scentipede\Debug\link.7464.write.1.tlog
C:\Users\Tracy\Desktop\CS32 Project\scentipede-skeleton-windows\scentipede\scentipede\Debug\link.7464-cvtres.read.1.tlog
C:\Users\Tracy\Desktop\CS32 Project\scentipede-skeleton-windows\scentipede\scentipede\Debug\link.7464-cvtres.write.1.tlog
C:\Users\Tracy\Desktop\CS32 Project\scentipede-skeleton-windows\scentipede\scentipede\Debug\link.8092.read.1.tlog
C:\Users\Tracy\Desktop\CS32 Project\scentipede-skeleton-windows\scentipede\scentipede\Debug\link.8092.write.1.tlog
C:\Users\Tracy\Desktop\CS32 Project\scentipede-skeleton-windows\scentipede\scentipede\Debug\link.8092-cvtres.read.1.tlog
C:\Users\Tracy\Desktop\CS32 Project\scentipede-skeleton-windows\scentipede\scentipede\Debug\link.8092-cvtres.write.1.tlog
C:\Users\Tracy\Desktop\CS32 Project\scentipede-skeleton-windows\scentipede\scentipede\Debug\link.896.read.1.tlog
C:\Users\Tracy\Desktop\CS32 Project\scentipede-skeleton-windows\scentipede\scentipede\Debug\link.896.write.1.tlog
C:\Users\Tracy\Desktop\CS32 Project\scentipede-skeleton-windows\scentipede\scentipede\Debug\link.896-cvtres.read.1.tlog
C:\Users\Tracy\Desktop\CS32 Project\scentipede-skeleton-windows\scentipede\scentipede\Debug\link.896-cvtres.write.1.tlog
C:\Users\Tracy\Desktop\CS32 Project\scentipede-skeleton-windows\scentipede\scentipede\Debug\link.command.1.tlog
C:\Users\Tracy\Desktop\CS32 Project\scentipede-skeleton-windows\scentipede\scentipede\Debug\link.read.1.tlog
C:\Users\Tracy\Desktop\CS32 Project\scentipede-skeleton-windows\scentipede\scentipede\Debug\link.write.1.tlog
C:\Users\Tracy\Desktop\CS32 Project\scentipede-skeleton-windows\scentipede\scentipede\Debug\link-cvtres.read.1.tlog
C:\Users\Tracy\Desktop\CS32 Project\scentipede-skeleton-windows\scentipede\scentipede\Debug\link-cvtres.write.1.tlog
C:\USERS\TRACY\DESKTOP\CS32 PROJECT\SCENTIPEDE-SKELETON-WINDOWS\SCENTIPEDE\SCENTIPEDE\DEBUG\MAIN.OBJ
C:\Users\Tracy\Desktop\CS32 Project\scentipede-skeleton-windows\scentipede\scentipede\Debug\mt.command.1.tlog
C:\Users\Tracy\Desktop\CS32 Project\scentipede-skeleton-windows\scentipede\scentipede\Debug\mt.read.1.tlog
C:\Users\Tracy\Desktop\CS32 Project\scentipede-skeleton-windows\scentipede\scentipede\Debug\mt.write.1.tlog
C:\Users\Tracy\Desktop\CS32 Project\scentipede-skeleton-windows\scentipede\scentipede\Debug\rc.command.1.tlog
C:\Users\Tracy\Desktop\CS32 Project\scentipede-skeleton-windows\scentipede\scentipede\Debug\rc.read.1.tlog
C:\Users\Tracy\Desktop\CS32 Project\scentipede-skeleton-windows\scentipede\scentipede\Debug\rc.write.1.tlog
C:\USERS\TRACY\DESKTOP\CS32 PROJECT\SCENTIPEDE-SKELETON-WINDOWS\SCENTIPEDE\SCENTIPEDE\DEBUG\SCENTIPEDE.EXE.EMBED.MANIFEST
C:\USERS\TRACY\DESKTOP\CS32 PROJECT\SCENTIPEDE-SKELETON-WINDOWS\SCENTIPEDE\SCENTIPEDE\DEBUG\SCENTIPEDE.EXE.EMBED.MANIFEST.RES
C:\USERS\TRACY\DESKTOP\CS32 PROJECT\SCENTIPEDE-SKELETON-WINDOWS\SCENTIPEDE\SCENTIPEDE\DEBUG\SCENTIPEDE.EXE.INTERMEDIATE.MANIFEST
C:\Users\Tracy\Desktop\CS32 Project\scentipede-skeleton-windows\scentipede\scentipede\Debug\scentipede_manifest.rc
C:\USERS\TRACY\DESKTOP\CS32 PROJECT\SCENTIPEDE-SKELETON-WINDOWS\SCENTIPEDE\SCENTIPEDE\DEBUG\SOUNDFX.OBJ
C:\USERS\TRACY\DESKTOP\CS32 PROJECT\SCENTIPEDE-SKELETON-WINDOWS\SCENTIPEDE\SCENTIPEDE\DEBUG\STUDENTWORLD.OBJ
C:\Users\Tracy\Desktop\CS32 Project\scentipede-skeleton-windows\scentipede\scentipede\Debug\vc100.idb
C:\USERS\TRACY\DESKTOP\CS32 PROJECT\SCENTIPEDE-SKELETON-WINDOWS\SCENTIPEDE\SCENTIPEDE\DEBUG\VC100.PDB
