Build started 3/1/2012 8:43:54 PM.
     1>Project "C:\Users\Tracy\Desktop\CS32 Project\scentipede-skeleton-windows\scentipede\scentipede\scentipede.vcxproj" on node 2 (build target(s)).
     1>InitializeBuildStatus:
         Creating "Debug\scentipede.unsuccessfulbuild" because "AlwaysCreate" was specified.
       ClCompile:
         c:\Program Files (x86)\Microsoft Visual Studio 10.0\VC\bin\CL.exe /c /ZI /nologo /W3 /WX- /Od /Oy- /D GLUT_BUILDING_LIB /D WIN32 /D _DEBUG /D _CONSOLE /D _MBCS /D _CRT_SECURE_NO_WARNINGS /Gm /EHsc /RTC1 /MDd /GS /fp:precise /Zc:wchar_t /Zc:forScope /Fo"Debug\\" /Fd"Debug\vc100.pdb" /Gd /TP /analyze- /errorReport:prompt StudentWorld.cpp
         StudentWorld.cpp
     1>c:\users\tracy\desktop\cs32 project\scentipede-skeleton-windows\scentipede\scentipede\studentworld.cpp(156): warning C4244: 'argument' : conversion from 'time_t' to 'unsigned int', possible loss of data
       ManifestResourceCompile:
         All outputs are up-to-date.
       Link:
         c:\Program Files (x86)\Microsoft Visual Studio 10.0\VC\bin\link.exe /ERRORREPORT:PROMPT /OUT:"C:\Users\Tracy\Desktop\CS32 Project\scentipede-skeleton-windows\scentipede\Debug\scentipede.exe" /INCREMENTAL /NOLOGO winmm.lib opengl32.lib glu32.lib kernel32.lib user32.lib gdi32.lib winspool.lib comdlg32.lib advapi32.lib shell32.lib ole32.lib oleaut32.lib uuid.lib odbc32.lib odbccp32.lib kernel32.lib user32.lib gdi32.lib winspool.lib comdlg32.lib advapi32.lib shell32.lib ole32.lib oleaut32.lib uuid.lib odbc32.lib odbccp32.lib /MANIFEST /ManifestFile:"Debug\scentipede.exe.intermediate.manifest" /MANIFESTUAC:"level='asInvoker' uiAccess='false'" /DEBUG /PDB:"C:\Users\Tracy\Desktop\CS32 Project\scentipede-skeleton-windows\scentipede\Debug\scentipede.pdb" /SUBSYSTEM:CONSOLE /TLBID:1 /DYNAMICBASE /NXCOMPAT /IMPLIB:"C:\Users\Tracy\Desktop\CS32 Project\scentipede-skeleton-windows\scentipede\Debug\scentipede.lib" /MACHINE:X86 Debug\scentipede.exe.embed.manifest.res
         Debug\actor.obj
         Debug\GameController.obj
         Debug\GameWorld.obj
         Debug\main.obj
         Debug\graphobj.obj
         Debug\SoundFX.obj
         Debug\StudentWorld.obj
         ..\glut32.lib
       Manifest:
         C:\Program Files (x86)\Microsoft SDKs\Windows\v7.0A\bin\mt.exe /nologo /verbose /out:"Debug\scentipede.exe.embed.manifest" /manifest Debug\scentipede.exe.intermediate.manifest
         All outputs are up-to-date.
       LinkEmbedManifest:
         All outputs are up-to-date.
         scentipede.vcxproj -> C:\Users\Tracy\Desktop\CS32 Project\scentipede-skeleton-windows\scentipede\Debug\scentipede.exe
       FinalizeBuildStatus:
         Deleting file "Debug\scentipede.unsuccessfulbuild".
         Touching "Debug\scentipede.lastbuildstate".
     1>Done Building Project "C:\Users\Tracy\Desktop\CS32 Project\scentipede-skeleton-windows\scentipede\scentipede\scentipede.vcxproj" (build target(s)).

Build succeeded.

Time Elapsed 00:00:00.85
